<?xml version="1.0" encoding="UTF-8"?>
<testng-results ignored="0" total="1" passed="1" failed="0" skipped="0">
  <reporter-output>
  </reporter-output>
  <suite started-at="2023-08-07T12:55:32 IST" name="Default suite" finished-at="2023-08-07T12:55:47 IST" duration-ms="15459">
    <groups>
    </groups>
    <test started-at="2023-08-07T12:55:32 IST" name="Default test" finished-at="2023-08-07T12:55:47 IST" duration-ms="15459">
      <class name="pageObjectModel.RegistrationTest">
        <test-method signature="verifyFlightReg()[pri:0, instance:pageObjectModel.RegistrationTest@10e31a9a]" started-at="2023-08-07T12:55:32 IST" name="verifyFlightReg" finished-at="2023-08-07T12:55:47 IST" duration-ms="15370" status="PASS">
          <reporter-output>
          </reporter-output>
        </test-method> <!-- verifyFlightReg -->
      </class> <!-- pageObjectModel.RegistrationTest -->
    </test> <!-- Default test -->
  </suite> <!-- Default suite -->
</testng-results>
